********************************************************************
05/12/2020, 12:13:23 | INFO | ROOT | SYSTEM STARTED
05/12/2020, 12:13:23 | INFO | Models | __loadModel: Model parsed
05/12/2020, 12:13:23 | INFO | ROOM [LivingRoom] | BLIND | Created
05/12/2020, 12:13:23 | INFO | ROOM [LivingRoom] | WINDOW [1] | __initialize: Configuration DONE
05/12/2020, 12:13:23 | INFO | ROOM [LivingRoom] | HEATER | Created
05/12/2020, 12:13:23 | INFO | MODULE [127.0.0.1] | Trying to connect to module
05/12/2020, 12:13:23 | ERROR | MODULE [127.0.0.1] | State has been changed to value: FAILED: [Errno 111] Connection refused
05/12/2020, 12:13:23 | INFO | ROOM [LivingRoom] | __initialize: Configuration DONE
05/12/2020, 12:13:23 | INFO | HOME | __initialize: HOME is CONFIGURED
********************************************************************
05/12/2020, 12:14:26 | INFO | ROOT | SYSTEM STARTED
05/12/2020, 12:14:26 | INFO | Models | __loadModel: Model parsed
05/12/2020, 12:14:26 | INFO | ROOM [LivingRoom] | BLIND | Created
05/12/2020, 12:14:26 | INFO | ROOM [LivingRoom] | WINDOW [1] | __initialize: Configuration DONE
05/12/2020, 12:14:26 | INFO | ROOM [LivingRoom] | HEATER | Created
05/12/2020, 12:14:26 | INFO | MODULE [127.0.0.1] | Trying to connect to module
05/12/2020, 12:14:26 | ERROR | MODULE [127.0.0.1] | State has been changed to value: FAILED: [Errno 111] Connection refused
05/12/2020, 12:14:26 | INFO | ROOM [LivingRoom] | __initialize: Configuration DONE
05/12/2020, 12:14:26 | INFO | HOME | __initialize: HOME is CONFIGURED
********************************************************************
05/12/2020, 13:54:44 | INFO | ROOT | SYSTEM STARTED
05/12/2020, 13:54:44 | INFO | Models | __loadModel: Model parsed
05/12/2020, 13:54:44 | INFO | ROOM [LivingRoom] | BLIND | Created
05/12/2020, 13:54:44 | INFO | ROOM [LivingRoom] | WINDOW [1] | __initialize: Configuration DONE
05/12/2020, 13:54:44 | INFO | ROOM [LivingRoom] | HEATER | Created
05/12/2020, 13:54:44 | INFO | MODULE [127.0.0.1] | Trying to connect to module
05/12/2020, 13:54:44 | ERROR | MODULE [127.0.0.1] | State has been changed to value: FAILED: [Errno 111] Connection refused
05/12/2020, 13:54:44 | INFO | ROOM [LivingRoom] | __initialize: Configuration DONE
05/12/2020, 13:54:44 | INFO | HOME | __initialize: HOME is CONFIGURED
********************************************************************
05/12/2020, 13:56:10 | INFO | ROOT | SYSTEM STARTED
05/12/2020, 13:56:10 | INFO | Models | __loadModel: Model parsed
05/12/2020, 13:56:10 | INFO | ROOM [LivingRoom] | BLIND | Created
05/12/2020, 13:56:10 | INFO | ROOM [LivingRoom] | WINDOW [1] | __initialize: Configuration DONE
05/12/2020, 13:56:10 | INFO | ROOM [LivingRoom] | HEATER | Created
05/12/2020, 13:56:10 | INFO | MODULE [127.0.0.1] | Trying to connect to module
05/12/2020, 13:56:10 | ERROR | MODULE [127.0.0.1] | State has been changed to value: FAILED: [Errno 111] Connection refused
05/12/2020, 13:56:10 | INFO | ROOM [LivingRoom] | __initialize: Configuration DONE
05/12/2020, 13:56:10 | INFO | HOME | __initialize: HOME is CONFIGURED
********************************************************************
05/12/2020, 14:06:26 | INFO | ROOT | SYSTEM STARTED
05/12/2020, 14:06:26 | INFO | Models | __loadModel: Model parsed
05/12/2020, 14:06:26 | INFO | ROOM [LivingRoom] | BLIND | Created
05/12/2020, 14:06:26 | INFO | ROOM [LivingRoom] | WINDOW [1] | __initialize: Configuration DONE
05/12/2020, 14:06:26 | INFO | ROOM [LivingRoom] | HEATER | Created
05/12/2020, 14:06:26 | INFO | MODULE [127.0.0.1] | Trying to connect to module
05/12/2020, 14:06:26 | ERROR | MODULE [127.0.0.1] | State has been changed to value: FAILED: [Errno 111] Connection refused
05/12/2020, 14:06:26 | INFO | ROOM [LivingRoom] | __initialize: Configuration DONE
05/12/2020, 14:06:26 | INFO | HOME | __initialize: HOME is CONFIGURED
********************************************************************
05/12/2020, 14:07:22 | INFO | ROOT | SYSTEM STARTED
05/12/2020, 14:07:22 | INFO | Models | __loadModel: Model parsed
05/12/2020, 14:07:22 | INFO | ROOM [LivingRoom] | BLIND | Created
05/12/2020, 14:07:22 | INFO | ROOM [LivingRoom] | WINDOW [1] | __initialize: Configuration DONE
05/12/2020, 14:07:22 | INFO | ROOM [LivingRoom] | HEATER | Created
05/12/2020, 14:07:22 | INFO | MODULE [127.0.0.1] | Trying to connect to module
05/12/2020, 14:07:22 | ERROR | MODULE [127.0.0.1] | State has been changed to value: FAILED: [Errno 111] Connection refused
05/12/2020, 14:07:22 | INFO | ROOM [LivingRoom] | __initialize: Configuration DONE
05/12/2020, 14:07:22 | INFO | HOME | __initialize: HOME is CONFIGURED
********************************************************************
05/12/2020, 14:08:14 | INFO | ROOT | SYSTEM STARTED
05/12/2020, 14:08:14 | INFO | Models | __loadModel: Model parsed
05/12/2020, 14:08:14 | INFO | ROOM [LivingRoom] | BLIND | Created
05/12/2020, 14:08:14 | INFO | ROOM [LivingRoom] | WINDOW [1] | __initialize: Configuration DONE
05/12/2020, 14:08:14 | INFO | ROOM [LivingRoom] | HEATER | Created
05/12/2020, 14:08:14 | INFO | MODULE [127.0.0.1] | Trying to connect to module
05/12/2020, 14:08:14 | ERROR | MODULE [127.0.0.1] | State has been changed to value: FAILED: [Errno 111] Connection refused
05/12/2020, 14:08:14 | INFO | ROOM [LivingRoom] | __initialize: Configuration DONE
05/12/2020, 14:08:14 | INFO | HOME | __initialize: HOME is CONFIGURED
********************************************************************
********************************************************************
05/12/2020, 14:21:37 | INFO | ROOT | SYSTEM STARTED
05/12/2020, 14:21:37 | INFO | Models | __loadModel: Model parsed
05/12/2020, 14:21:37 | INFO | ROOM [LivingRoom] | BLIND | Created
05/12/2020, 14:21:37 | INFO | ROOM [LivingRoom] | WINDOW [1] | __initialize: Configuration DONE
05/12/2020, 14:21:37 | INFO | ROOM [LivingRoom] | HEATER | Created
05/12/2020, 14:21:37 | INFO | MODULE [127.0.0.1] | Trying to connect to module
05/12/2020, 14:21:37 | ERROR | MODULE [127.0.0.1] | State has been changed to value: FAILED: [Errno 111] Connection refused
05/12/2020, 14:21:37 | INFO | ROOM [LivingRoom] | __initialize: Configuration DONE
05/12/2020, 14:21:37 | INFO | HOME | __initialize: HOME is CONFIGURED
********************************************************************
05/12/2020, 14:24:59 | INFO | ROOT | SYSTEM STARTED
05/12/2020, 14:24:59 | INFO | Models | __loadModel: Model parsed
05/12/2020, 14:24:59 | INFO | ROOM [LivingRoom] | BLIND | Created
05/12/2020, 14:24:59 | INFO | ROOM [LivingRoom] | WINDOW [1] | __initialize: Configuration DONE
05/12/2020, 14:24:59 | INFO | ROOM [LivingRoom] | HEATER | Created
05/12/2020, 14:24:59 | INFO | MODULE [127.0.0.1] | Trying to connect to module
05/12/2020, 14:24:59 | ERROR | MODULE [127.0.0.1] | State has been changed to value: FAILED: [Errno 111] Connection refused
05/12/2020, 14:24:59 | INFO | ROOM [LivingRoom] | __initialize: Configuration DONE
05/12/2020, 14:24:59 | INFO | HOME | __initialize: HOME is CONFIGURED
********************************************************************
********************************************************************
05/12/2020, 14:26:57 | INFO | ROOT | SYSTEM STARTED
05/12/2020, 14:26:57 | INFO | Models | __loadModel: Model parsed
05/12/2020, 14:26:57 | INFO | ROOM [LivingRoom] | BLIND | Created
05/12/2020, 14:26:57 | INFO | ROOM [LivingRoom] | WINDOW [1] | __initialize: Configuration DONE
05/12/2020, 14:26:57 | INFO | ROOM [LivingRoom] | HEATER | Created
05/12/2020, 14:26:57 | INFO | MODULE [127.0.0.1] | Trying to connect to module
05/12/2020, 14:26:57 | ERROR | MODULE [127.0.0.1] | State has been changed to value: FAILED: [Errno 111] Connection refused
05/12/2020, 14:26:57 | INFO | ROOM [LivingRoom] | __initialize: Configuration DONE
05/12/2020, 14:26:57 | INFO | HOME | __initialize: HOME is CONFIGURED
********************************************************************
05/12/2020, 14:28:24 | INFO | ROOT | SYSTEM STARTED
05/12/2020, 14:28:24 | INFO | Models | __loadModel: Model parsed
05/12/2020, 14:28:24 | INFO | ROOM [LivingRoom] | BLIND | Created
05/12/2020, 14:28:24 | INFO | ROOM [LivingRoom] | WINDOW [1] | __initialize: Configuration DONE
05/12/2020, 14:28:24 | INFO | ROOM [LivingRoom] | HEATER | Created
05/12/2020, 14:28:24 | INFO | MODULE [127.0.0.1] | Trying to connect to module
05/12/2020, 14:28:24 | ERROR | MODULE [127.0.0.1] | State has been changed to value: FAILED: [Errno 111] Connection refused
05/12/2020, 14:28:24 | INFO | ROOM [LivingRoom] | __initialize: Configuration DONE
05/12/2020, 14:28:24 | INFO | HOME | __initialize: HOME is CONFIGURED
********************************************************************
05/12/2020, 14:29:53 | INFO | ROOT | SYSTEM STARTED
05/12/2020, 14:29:53 | INFO | Models | __loadModel: Model parsed
05/12/2020, 14:29:53 | INFO | ROOM [LivingRoom] | BLIND | Created
05/12/2020, 14:29:53 | INFO | ROOM [LivingRoom] | WINDOW [1] | __initialize: Configuration DONE
05/12/2020, 14:29:53 | INFO | ROOM [LivingRoom] | HEATER | Created
05/12/2020, 14:29:53 | INFO | MODULE [127.0.0.1] | Trying to connect to module
05/12/2020, 14:29:53 | ERROR | MODULE [127.0.0.1] | State has been changed to value: FAILED: [Errno 111] Connection refused
05/12/2020, 14:29:53 | INFO | ROOM [LivingRoom] | __initialize: Configuration DONE
05/12/2020, 14:29:53 | INFO | HOME | __initialize: HOME is CONFIGURED
********************************************************************
05/12/2020, 14:31:24 | INFO | ROOT | SYSTEM STARTED
05/12/2020, 14:31:24 | INFO | Models | __loadModel: Model parsed
05/12/2020, 14:31:24 | INFO | ROOM [LivingRoom] | BLIND | Created
05/12/2020, 14:31:24 | INFO | ROOM [LivingRoom] | WINDOW [1] | __initialize: Configuration DONE
05/12/2020, 14:31:24 | INFO | ROOM [LivingRoom] | HEATER | Created
05/12/2020, 14:31:24 | INFO | MODULE [127.0.0.1] | Trying to connect to module
05/12/2020, 14:31:24 | ERROR | MODULE [127.0.0.1] | State has been changed to value: FAILED: [Errno 111] Connection refused
05/12/2020, 14:31:24 | INFO | ROOM [LivingRoom] | __initialize: Configuration DONE
05/12/2020, 14:31:24 | INFO | HOME | __initialize: HOME is CONFIGURED
********************************************************************
05/12/2020, 14:54:40 | INFO | ROOT | SYSTEM STARTED
05/12/2020, 14:54:40 | INFO | Models | __loadModel: Model parsed
05/12/2020, 14:54:40 | INFO | ROOM [LivingRoom] | BLIND | Created
05/12/2020, 14:54:40 | INFO | ROOM [LivingRoom] | WINDOW [1] | __initialize: Configuration DONE
05/12/2020, 14:54:40 | INFO | ROOM [LivingRoom] | HEATER | Created
05/12/2020, 14:54:40 | INFO | MODULE [127.0.0.1] | Trying to connect to module
05/12/2020, 14:54:40 | ERROR | MODULE [127.0.0.1] | State has been changed to value: FAILED: [Errno 111] Connection refused
05/12/2020, 14:54:40 | INFO | ROOM [LivingRoom] | __initialize: Configuration DONE
05/12/2020, 14:54:40 | INFO | HOME | __initialize: HOME is CONFIGURED
********************************************************************
05/12/2020, 14:55:37 | INFO | ROOT | SYSTEM STARTED
05/12/2020, 14:55:37 | INFO | Models | __loadModel: Model parsed
05/12/2020, 14:55:37 | INFO | ROOM [LivingRoom] | BLIND | Created
05/12/2020, 14:55:37 | INFO | ROOM [LivingRoom] | WINDOW [1] | __initialize: Configuration DONE
05/12/2020, 14:55:37 | INFO | ROOM [LivingRoom] | HEATER | Created
05/12/2020, 14:55:37 | INFO | MODULE [127.0.0.1] | Trying to connect to module
05/12/2020, 14:55:37 | ERROR | MODULE [127.0.0.1] | State has been changed to value: FAILED: [Errno 111] Connection refused
05/12/2020, 14:55:37 | INFO | ROOM [LivingRoom] | __initialize: Configuration DONE
05/12/2020, 14:55:37 | INFO | HOME | __initialize: HOME is CONFIGURED
********************************************************************
05/12/2020, 14:57:03 | INFO | ROOT | SYSTEM STARTED
05/12/2020, 14:57:03 | INFO | Models | __loadModel: Model parsed
05/12/2020, 14:57:03 | INFO | ROOM [LivingRoom] | BLIND | Created
05/12/2020, 14:57:03 | INFO | ROOM [LivingRoom] | WINDOW [1] | __initialize: Configuration DONE
05/12/2020, 14:57:03 | INFO | ROOM [LivingRoom] | HEATER | Created
05/12/2020, 14:57:03 | INFO | MODULE [127.0.0.1] | Trying to connect to module
05/12/2020, 14:57:03 | ERROR | MODULE [127.0.0.1] | State has been changed to value: FAILED: [Errno 111] Connection refused
05/12/2020, 14:57:03 | INFO | ROOM [LivingRoom] | __initialize: Configuration DONE
05/12/2020, 14:57:03 | INFO | HOME | __initialize: HOME is CONFIGURED
********************************************************************
05/12/2020, 15:00:11 | INFO | ROOT | SYSTEM STARTED
05/12/2020, 15:00:11 | INFO | Models | __loadModel: Model parsed
05/12/2020, 15:00:11 | INFO | ROOM [LivingRoom] | BLIND | Created
05/12/2020, 15:00:11 | INFO | ROOM [LivingRoom] | WINDOW [1] | __initialize: Configuration DONE
05/12/2020, 15:00:11 | INFO | ROOM [LivingRoom] | HEATER | Created
05/12/2020, 15:00:11 | INFO | MODULE [127.0.0.1] | Trying to connect to module
05/12/2020, 15:00:11 | ERROR | MODULE [127.0.0.1] | State has been changed to value: FAILED: [Errno 111] Connection refused
05/12/2020, 15:00:11 | INFO | ROOM [LivingRoom] | __initialize: Configuration DONE
05/12/2020, 15:00:11 | INFO | HOME | __initialize: HOME is CONFIGURED
********************************************************************
********************************************************************
05/12/2020, 15:01:27 | INFO | ROOT | SYSTEM STARTED
05/12/2020, 15:01:27 | INFO | Models | __loadModel: Model parsed
05/12/2020, 15:01:27 | INFO | ROOM [LivingRoom] | BLIND | Created
05/12/2020, 15:01:27 | INFO | ROOM [LivingRoom] | WINDOW [1] | __initialize: Configuration DONE
05/12/2020, 15:01:27 | INFO | ROOM [LivingRoom] | HEATER | Created
05/12/2020, 15:01:27 | INFO | MODULE [127.0.0.1] | Trying to connect to module
05/12/2020, 15:01:27 | ERROR | MODULE [127.0.0.1] | State has been changed to value: FAILED: [Errno 111] Connection refused
05/12/2020, 15:01:27 | INFO | ROOM [LivingRoom] | __initialize: Configuration DONE
05/12/2020, 15:01:27 | INFO | HOME | __initialize: HOME is CONFIGURED
